  Spacewar!.cpp
C:\Users\PK\C++ Projects\SpaceWar\Spacewar\Spacewar\Spacewar!.cpp(1,1): warning C4828: The file contains a character starting at offset 0xb8 that is illegal in the current source character set (codepage 65001).
C:\Users\PK\C++ Projects\SpaceWar\Spacewar\Spacewar\Spacewar!.cpp(1,1): warning C4828: The file contains a character starting at offset 0xba that is illegal in the current source character set (codepage 65001).
C:\Users\PK\C++ Projects\SpaceWar\Spacewar\Spacewar\Spacewar!.cpp(1,1): warning C4828: The file contains a character starting at offset 0xbe that is illegal in the current source character set (codepage 65001).
C:\Users\PK\C++ Projects\SpaceWar\Spacewar\Spacewar\Spacewar!.cpp(1,1): warning C4828: The file contains a character starting at offset 0xc2 that is illegal in the current source character set (codepage 65001).
C:\Users\PK\C++ Projects\SpaceWar\Spacewar\Spacewar\Spacewar!.cpp(1,1): warning C4828: The file contains a character starting at offset 0xc5 that is illegal in the current source character set (codepage 65001).
C:\Users\PK\C++ Projects\SpaceWar\Spacewar\Spacewar\Spacewar!.cpp(1,1): warning C4828: The file contains a character starting at offset 0xf5 that is illegal in the current source character set (codepage 65001).
C:\Users\PK\C++ Projects\SpaceWar\Spacewar\Spacewar\Spacewar!.cpp(1,1): warning C4828: The file contains a character starting at offset 0xf7 that is illegal in the current source character set (codepage 65001).
C:\Users\PK\C++ Projects\SpaceWar\Spacewar\Spacewar\Spacewar!.cpp(1,1): warning C4828: The file contains a character starting at offset 0xfa that is illegal in the current source character set (codepage 65001).
C:\Users\PK\C++ Projects\SpaceWar\Spacewar\Spacewar\Spacewar!.cpp(1,1): warning C4828: The file contains a character starting at offset 0x117 that is illegal in the current source character set (codepage 65001).
C:\Users\PK\C++ Projects\SpaceWar\Spacewar\Spacewar\Spacewar!.cpp(1,1): warning C4828: The file contains a character starting at offset 0x119 that is illegal in the current source character set (codepage 65001).
C:\Users\PK\C++ Projects\SpaceWar\Spacewar\Spacewar\Spacewar!.cpp(1,1): warning C4828: The file contains a character starting at offset 0x11c that is illegal in the current source character set (codepage 65001).
C:\Users\PK\C++ Projects\SpaceWar\Spacewar\Spacewar\Spacewar!.cpp(1,1): warning C4828: The file contains a character starting at offset 0x120 that is illegal in the current source character set (codepage 65001).
C:\Users\PK\C++ Projects\SpaceWar\Spacewar\Spacewar\Spacewar!.cpp(1,1): warning C4828: The file contains a character starting at offset 0x16e that is illegal in the current source character set (codepage 65001).
C:\Users\PK\C++ Projects\SpaceWar\Spacewar\Spacewar\Spacewar!.cpp(1,1): warning C4828: The file contains a character starting at offset 0x170 that is illegal in the current source character set (codepage 65001).
C:\Users\PK\C++ Projects\SpaceWar\Spacewar\Spacewar\Spacewar!.cpp(1,1): warning C4828: The file contains a character starting at offset 0x1d1 that is illegal in the current source character set (codepage 65001).
C:\Users\PK\C++ Projects\SpaceWar\Spacewar\Spacewar\Spacewar!.cpp(1,1): warning C4828: The file contains a character starting at offset 0x1d3 that is illegal in the current source character set (codepage 65001).
C:\Users\PK\C++ Projects\SpaceWar\Spacewar\Spacewar\Spacewar!.cpp(1,1): warning C4828: The file contains a character starting at offset 0x1d7 that is illegal in the current source character set (codepage 65001).
C:\Users\PK\C++ Projects\SpaceWar\Spacewar\Spacewar\Spacewar!.cpp(1,1): warning C4828: The file contains a character starting at offset 0x1da that is illegal in the current source character set (codepage 65001).
C:\Users\PK\C++ Projects\SpaceWar\Spacewar\Spacewar\Spacewar!.cpp(1,1): warning C4828: The file contains a character starting at offset 0x1dd that is illegal in the current source character set (codepage 65001).
C:\Users\PK\C++ Projects\SpaceWar\Spacewar\Spacewar\Spacewar!.cpp(1,1): warning C4828: The file contains a character starting at offset 0x1e0 that is illegal in the current source character set (codepage 65001).
C:\Users\PK\C++ Projects\SpaceWar\Spacewar\Spacewar\Spacewar!.cpp(1,1): warning C4828: The file contains a character starting at offset 0x1e3 that is illegal in the current source character set (codepage 65001).
C:\Users\PK\C++ Projects\SpaceWar\Spacewar\Spacewar\Spacewar!.cpp(1,1): warning C4828: The file contains a character starting at offset 0x233 that is illegal in the current source character set (codepage 65001).
C:\Users\PK\C++ Projects\SpaceWar\Spacewar\Spacewar\Spacewar!.cpp(1,1): warning C4828: The file contains a character starting at offset 0x235 that is illegal in the current source character set (codepage 65001).
C:\Users\PK\C++ Projects\SpaceWar\Spacewar\Spacewar\Spacewar!.cpp(1,1): warning C4828: The file contains a character starting at offset 0x238 that is illegal in the current source character set (codepage 65001).
C:\Users\PK\C++ Projects\SpaceWar\Spacewar\Spacewar\Spacewar!.cpp(1,1): warning C4828: The file contains a character starting at offset 0x317 that is illegal in the current source character set (codepage 65001).
C:\Users\PK\C++ Projects\SpaceWar\Spacewar\Spacewar\Spacewar!.cpp(1,1): warning C4828: The file contains a character starting at offset 0x318 that is illegal in the current source character set (codepage 65001).
C:\Users\PK\C++ Projects\SpaceWar\Spacewar\Spacewar\Spacewar!.cpp(1,1): warning C4828: The file contains a character starting at offset 0x31c that is illegal in the current source character set (codepage 65001).
C:\Users\PK\C++ Projects\SpaceWar\Spacewar\Spacewar\Spacewar!.cpp(1,1): warning C4828: The file contains a character starting at offset 0x3cd that is illegal in the current source character set (codepage 65001).
C:\Users\PK\C++ Projects\SpaceWar\Spacewar\Spacewar\Spacewar!.cpp(1,1): warning C4828: The file contains a character starting at offset 0x3cf that is illegal in the current source character set (codepage 65001).
C:\Users\PK\C++ Projects\SpaceWar\Spacewar\Spacewar\Spacewar!.cpp(1,1): warning C4828: The file contains a character starting at offset 0x3d3 that is illegal in the current source character set (codepage 65001).
C:\Users\PK\C++ Projects\SpaceWar\Spacewar\Spacewar\Spacewar!.cpp(1,1): warning C4828: The file contains a character starting at offset 0x47b that is illegal in the current source character set (codepage 65001).
C:\Users\PK\C++ Projects\SpaceWar\Spacewar\Spacewar\Spacewar!.cpp(1,1): warning C4828: The file contains a character starting at offset 0x47d that is illegal in the current source character set (codepage 65001).
C:\Users\PK\C++ Projects\SpaceWar\Spacewar\Spacewar\Spacewar!.cpp(1,1): warning C4828: The file contains a character starting at offset 0x480 that is illegal in the current source character set (codepage 65001).
C:\Users\PK\C++ Projects\SpaceWar\Spacewar\Spacewar\Spacewar!.cpp(1,1): warning C4828: The file contains a character starting at offset 0x485 that is illegal in the current source character set (codepage 65001).
C:\Users\PK\C++ Projects\SpaceWar\Spacewar\Spacewar\Spacewar!.cpp(1,1): warning C4828: The file contains a character starting at offset 0x488 that is illegal in the current source character set (codepage 65001).
C:\Users\PK\C++ Projects\SpaceWar\Spacewar\Spacewar\Spacewar!.cpp(1,1): warning C4828: The file contains a character starting at offset 0x48b that is illegal in the current source character set (codepage 65001).
C:\Users\PK\C++ Projects\SpaceWar\Spacewar\Spacewar\Spacewar!.cpp(1,1): warning C4828: The file contains a character starting at offset 0x53e that is illegal in the current source character set (codepage 65001).
C:\Users\PK\C++ Projects\SpaceWar\Spacewar\Spacewar\Spacewar!.cpp(1,1): warning C4828: The file contains a character starting at offset 0x540 that is illegal in the current source character set (codepage 65001).
C:\Users\PK\C++ Projects\SpaceWar\Spacewar\Spacewar\Spacewar!.cpp(1,1): warning C4828: The file contains a character starting at offset 0x543 that is illegal in the current source character set (codepage 65001).
C:\Users\PK\C++ Projects\SpaceWar\Spacewar\Spacewar\Spacewar!.cpp(1,1): warning C4828: The file contains a character starting at offset 0x546 that is illegal in the current source character set (codepage 65001).
C:\Users\PK\C++ Projects\SpaceWar\Spacewar\Spacewar\Spacewar!.cpp(1,1): warning C4828: The file contains a character starting at offset 0x5f7 that is illegal in the current source character set (codepage 65001).
C:\Users\PK\C++ Projects\SpaceWar\Spacewar\Spacewar\Spacewar!.cpp(1,1): warning C4828: The file contains a character starting at offset 0x5f9 that is illegal in the current source character set (codepage 65001).
C:\Users\PK\C++ Projects\SpaceWar\Spacewar\Spacewar\Spacewar!.cpp(1,1): warning C4828: The file contains a character starting at offset 0x5fc that is illegal in the current source character set (codepage 65001).
C:\Users\PK\C++ Projects\SpaceWar\Spacewar\Spacewar\Spacewar!.cpp(1,1): warning C4828: The file contains a character starting at offset 0x5ff that is illegal in the current source character set (codepage 65001).
C:\Users\PK\C++ Projects\SpaceWar\Spacewar\Spacewar\Spacewar!.cpp(1,1): warning C4828: The file contains a character starting at offset 0x602 that is illegal in the current source character set (codepage 65001).
C:\Users\PK\C++ Projects\SpaceWar\Spacewar\Spacewar\Spacewar!.cpp(1,1): warning C4828: The file contains a character starting at offset 0x605 that is illegal in the current source character set (codepage 65001).
C:\Users\PK\C++ Projects\SpaceWar\Spacewar\Spacewar\Spacewar!.cpp(1,1): warning C4828: The file contains a character starting at offset 0x609 that is illegal in the current source character set (codepage 65001).
C:\Users\PK\C++ Projects\SpaceWar\Spacewar\Spacewar\Spacewar!.cpp(1,1): warning C4828: The file contains a character starting at offset 0x60c that is illegal in the current source character set (codepage 65001).
C:\Users\PK\C++ Projects\SpaceWar\Spacewar\Spacewar\Spacewar!.cpp(1,1): warning C4828: The file contains a character starting at offset 0x98c that is illegal in the current source character set (codepage 65001).
C:\Users\PK\C++ Projects\SpaceWar\Spacewar\Spacewar\Spacewar!.cpp(1,1): warning C4828: The file contains a character starting at offset 0x98e that is illegal in the current source character set (codepage 65001).
C:\Users\PK\C++ Projects\SpaceWar\Spacewar\Spacewar\Spacewar!.cpp(1,1): warning C4828: The file contains a character starting at offset 0x991 that is illegal in the current source character set (codepage 65001).
C:\Users\PK\C++ Projects\SpaceWar\Spacewar\Spacewar\Spacewar!.cpp(1,1): warning C4828: The file contains a character starting at offset 0x994 that is illegal in the current source character set (codepage 65001).
C:\Users\PK\C++ Projects\SpaceWar\Spacewar\Spacewar\Spacewar!.cpp(1,1): warning C4828: The file contains a character starting at offset 0x997 that is illegal in the current source character set (codepage 65001).
C:\Users\PK\C++ Projects\SpaceWar\Spacewar\Spacewar\Spacewar!.cpp(1,1): warning C4828: The file contains a character starting at offset 0x99a that is illegal in the current source character set (codepage 65001).
C:\Users\PK\C++ Projects\SpaceWar\Spacewar\Spacewar\Spacewar!.cpp(1,1): warning C4828: The file contains a character starting at offset 0x99d that is illegal in the current source character set (codepage 65001).
C:\Users\PK\C++ Projects\SpaceWar\Spacewar\Spacewar\Spacewar!.cpp(1,1): warning C4828: The file contains a character starting at offset 0xdec that is illegal in the current source character set (codepage 65001).
C:\Users\PK\C++ Projects\SpaceWar\Spacewar\Spacewar\Spacewar!.cpp(1,1): warning C4828: The file contains a character starting at offset 0xdee that is illegal in the current source character set (codepage 65001).
C:\Users\PK\C++ Projects\SpaceWar\Spacewar\Spacewar\Spacewar!.cpp(1,1): warning C4828: The file contains a character starting at offset 0xdf1 that is illegal in the current source character set (codepage 65001).
C:\Users\PK\C++ Projects\SpaceWar\Spacewar\Spacewar\Spacewar!.cpp(1,1): warning C4828: The file contains a character starting at offset 0xdf4 that is illegal in the current source character set (codepage 65001).
C:\Users\PK\C++ Projects\SpaceWar\Spacewar\Spacewar\Spacewar!.cpp(1,1): warning C4828: The file contains a character starting at offset 0xdf7 that is illegal in the current source character set (codepage 65001).
C:\Users\PK\C++ Projects\SpaceWar\Spacewar\Spacewar\Spacewar!.cpp(1,1): warning C4828: The file contains a character starting at offset 0xdfb that is illegal in the current source character set (codepage 65001).
C:\Users\PK\C++ Projects\SpaceWar\Spacewar\Spacewar\Spacewar!.cpp(1,1): warning C4828: The file contains a character starting at offset 0xdfe that is illegal in the current source character set (codepage 65001).
C:\Users\PK\C++ Projects\SpaceWar\Spacewar\Spacewar\Spacewar!.cpp(1,1): warning C4828: The file contains a character starting at offset 0x114d that is illegal in the current source character set (codepage 65001).
C:\Users\PK\C++ Projects\SpaceWar\Spacewar\Spacewar\Spacewar!.cpp(1,1): warning C4828: The file contains a character starting at offset 0x114f that is illegal in the current source character set (codepage 65001).
C:\Users\PK\C++ Projects\SpaceWar\Spacewar\Spacewar\Spacewar!.cpp(1,1): warning C4828: The file contains a character starting at offset 0x1152 that is illegal in the current source character set (codepage 65001).
C:\Users\PK\C++ Projects\SpaceWar\Spacewar\Spacewar\Spacewar!.cpp(1,1): warning C4828: The file contains a character starting at offset 0x1155 that is illegal in the current source character set (codepage 65001).
C:\Users\PK\C++ Projects\SpaceWar\Spacewar\Spacewar\Spacewar!.cpp(1,1): warning C4828: The file contains a character starting at offset 0x1158 that is illegal in the current source character set (codepage 65001).
C:\Users\PK\C++ Projects\SpaceWar\Spacewar\Spacewar\Spacewar!.cpp(1,1): warning C4828: The file contains a character starting at offset 0x115b that is illegal in the current source character set (codepage 65001).
C:\Users\PK\C++ Projects\SpaceWar\Spacewar\Spacewar\Spacewar!.cpp(1,1): warning C4828: The file contains a character starting at offset 0x115e that is illegal in the current source character set (codepage 65001).
C:\Users\PK\C++ Projects\SpaceWar\Spacewar\Spacewar\Spacewar!.cpp(1,1): warning C4828: The file contains a character starting at offset 0x1161 that is illegal in the current source character set (codepage 65001).
C:\Users\PK\C++ Projects\SpaceWar\Spacewar\Spacewar\Spacewar!.cpp(1,1): warning C4828: The file contains a character starting at offset 0x1162 that is illegal in the current source character set (codepage 65001).
C:\Users\PK\C++ Projects\SpaceWar\Spacewar\Spacewar\Spacewar!.cpp(1,1): warning C4828: The file contains a character starting at offset 0x1166 that is illegal in the current source character set (codepage 65001).
C:\Users\PK\C++ Projects\SpaceWar\Spacewar\Spacewar\Spacewar!.cpp(1,1): warning C4828: The file contains a character starting at offset 0x1169 that is illegal in the current source character set (codepage 65001).
C:\Users\PK\C++ Projects\SpaceWar\Spacewar\Spacewar\Spacewar!.cpp(1,1): warning C4828: The file contains a character starting at offset 0x12fe that is illegal in the current source character set (codepage 65001).
C:\Users\PK\C++ Projects\SpaceWar\Spacewar\Spacewar\Spacewar!.cpp(1,1): warning C4828: The file contains a character starting at offset 0x1300 that is illegal in the current source character set (codepage 65001).
C:\Users\PK\C++ Projects\SpaceWar\Spacewar\Spacewar\Spacewar!.cpp(1,1): warning C4828: The file contains a character starting at offset 0x1303 that is illegal in the current source character set (codepage 65001).
C:\Users\PK\C++ Projects\SpaceWar\Spacewar\Spacewar\Spacewar!.cpp(1,1): warning C4828: The file contains a character starting at offset 0x1306 that is illegal in the current source character set (codepage 65001).
C:\Users\PK\C++ Projects\SpaceWar\Spacewar\Spacewar\Spacewar!.cpp(1,1): warning C4828: The file contains a character starting at offset 0x1309 that is illegal in the current source character set (codepage 65001).
C:\Users\PK\C++ Projects\SpaceWar\Spacewar\Spacewar\Spacewar!.cpp(1,1): warning C4828: The file contains a character starting at offset 0x13ce that is illegal in the current source character set (codepage 65001).
C:\Users\PK\C++ Projects\SpaceWar\Spacewar\Spacewar\Spacewar!.cpp(1,1): warning C4828: The file contains a character starting at offset 0x13d0 that is illegal in the current source character set (codepage 65001).
C:\Users\PK\C++ Projects\SpaceWar\Spacewar\Spacewar\Spacewar!.cpp(1,1): warning C4828: The file contains a character starting at offset 0x13d3 that is illegal in the current source character set (codepage 65001).
C:\Users\PK\C++ Projects\SpaceWar\Spacewar\Spacewar\Spacewar!.cpp(1,1): warning C4828: The file contains a character starting at offset 0x13d7 that is illegal in the current source character set (codepage 65001).
C:\Users\PK\C++ Projects\SpaceWar\Spacewar\Spacewar\Spacewar!.cpp(1,1): warning C4828: The file contains a character starting at offset 0x13db that is illegal in the current source character set (codepage 65001).
C:\Users\PK\C++ Projects\SpaceWar\Spacewar\Spacewar\Spacewar!.cpp(1,1): warning C4828: The file contains a character starting at offset 0x13dc that is illegal in the current source character set (codepage 65001).
C:\Users\PK\C++ Projects\SpaceWar\Spacewar\Spacewar\Spacewar!.cpp(1,1): warning C4828: The file contains a character starting at offset 0x13df that is illegal in the current source character set (codepage 65001).
C:\Users\PK\C++ Projects\SpaceWar\Spacewar\Spacewar\Spacewar!.cpp(1,1): warning C4828: The file contains a character starting at offset 0x13e2 that is illegal in the current source character set (codepage 65001).
C:\Users\PK\C++ Projects\SpaceWar\Spacewar\Spacewar\Spacewar!.cpp(1,1): warning C4828: The file contains a character starting at offset 0x1525 that is illegal in the current source character set (codepage 65001).
C:\Users\PK\C++ Projects\SpaceWar\Spacewar\Spacewar\Spacewar!.cpp(1,1): warning C4828: The file contains a character starting at offset 0x1527 that is illegal in the current source character set (codepage 65001).
C:\Users\PK\C++ Projects\SpaceWar\Spacewar\Spacewar\Spacewar!.cpp(1,1): warning C4828: The file contains a character starting at offset 0x152b that is illegal in the current source character set (codepage 65001).
C:\Users\PK\C++ Projects\SpaceWar\Spacewar\Spacewar\Spacewar!.cpp(1,1): warning C4828: The file contains a character starting at offset 0x152f that is illegal in the current source character set (codepage 65001).
C:\Users\PK\C++ Projects\SpaceWar\Spacewar\Spacewar\Spacewar!.cpp(1,1): warning C4828: The file contains a character starting at offset 0x1530 that is illegal in the current source character set (codepage 65001).
C:\Users\PK\C++ Projects\SpaceWar\Spacewar\Spacewar\Spacewar!.cpp(1,1): warning C4828: The file contains a character starting at offset 0x1533 that is illegal in the current source character set (codepage 65001).
C:\Users\PK\C++ Projects\SpaceWar\Spacewar\Spacewar\Spacewar!.cpp(1,1): warning C4828: The file contains a character starting at offset 0x1536 that is illegal in the current source character set (codepage 65001).
C:\Users\PK\C++ Projects\SpaceWar\Spacewar\Spacewar\Spacewar!.cpp(1,1): warning C4828: The file contains a character starting at offset 0x1622 that is illegal in the current source character set (codepage 65001).
C:\Users\PK\C++ Projects\SpaceWar\Spacewar\Spacewar\Spacewar!.cpp(1,1): warning C4828: The file contains a character starting at offset 0x1624 that is illegal in the current source character set (codepage 65001).
C:\Users\PK\C++ Projects\SpaceWar\Spacewar\Spacewar\Spacewar!.cpp(1,1): warning C4828: The file contains a character starting at offset 0x1627 that is illegal in the current source character set (codepage 65001).
C:\Users\PK\C++ Projects\SpaceWar\Spacewar\Spacewar\Spacewar!.cpp(1,1): warning C4828: The file contains a character starting at offset 0x162b that is illegal in the current source character set (codepage 65001).
C:\Users\PK\C++ Projects\SpaceWar\Spacewar\Spacewar\Spacewar!.cpp(1,1): warning C4828: The file contains a character starting at offset 0x162f that is illegal in the current source character set (codepage 65001).
C:\Users\PK\C++ Projects\SpaceWar\Spacewar\Spacewar\Spacewar!.cpp(1,1): warning C4828: The file contains a character starting at offset 0x1630 that is illegal in the current source character set (codepage 65001).
C:\Users\PK\C++ Projects\SpaceWar\Spacewar\Spacewar\Spacewar!.cpp(1,1): warning C4828: The file contains a character starting at offset 0x1633 that is illegal in the current source character set (codepage 65001).
C:\Users\PK\C++ Projects\SpaceWar\Spacewar\Spacewar\Spacewar!.cpp(1,1): warning C4828: The file contains a character starting at offset 0x1636 that is illegal in the current source character set (codepage 65001).
C:\Users\PK\C++ Projects\SpaceWar\Spacewar\Spacewar\Spacewar!.cpp(1,1): warning C4828: The file contains a character starting at offset 0x175d that is illegal in the current source character set (codepage 65001).
C:\Users\PK\C++ Projects\SpaceWar\Spacewar\Spacewar\Spacewar!.cpp(1,1): warning C4828: The file contains a character starting at offset 0x175f that is illegal in the current source character set (codepage 65001).
C:\Users\PK\C++ Projects\SpaceWar\Spacewar\Spacewar\Spacewar!.cpp(1,1): warning C4828: The file contains a character starting at offset 0x1762 that is illegal in the current source character set (codepage 65001).
C:\Users\PK\C++ Projects\SpaceWar\Spacewar\Spacewar\Spacewar!.cpp(1,1): warning C4828: The file contains a character starting at offset 0x1766 that is illegal in the current source character set (codepage 65001).
C:\Users\PK\C++ Projects\SpaceWar\Spacewar\Spacewar\Spacewar!.cpp(1,1): warning C4828: The file contains a character starting at offset 0x1769 that is illegal in the current source character set (codepage 65001).
C:\Users\PK\C++ Projects\SpaceWar\Spacewar\Spacewar\Spacewar!.cpp(1,1): warning C4828: The file contains a character starting at offset 0x176c that is illegal in the current source character set (codepage 65001).
C:\Users\PK\C++ Projects\SpaceWar\Spacewar\Spacewar\Spacewar!.cpp(1,1): warning C4828: The file contains a character starting at offset 0x176f that is illegal in the current source character set (codepage 65001).
C:\Users\PK\C++ Projects\SpaceWar\Spacewar\Spacewar\Spacewar!.cpp(1,1): warning C4828: The file contains a character starting at offset 0x1772 that is illegal in the current source character set (codepage 65001).
C:\Users\PK\C++ Projects\SpaceWar\Spacewar\Spacewar\Spacewar!.cpp(1,1): warning C4828: The file contains a character starting at offset 0x1775 that is illegal in the current source character set (codepage 65001).
C:\Users\PK\C++ Projects\SpaceWar\Spacewar\Spacewar\Spacewar!.cpp(1,1): warning C4828: The file contains a character starting at offset 0x1a6d that is illegal in the current source character set (codepage 65001).
C:\Users\PK\C++ Projects\SpaceWar\Spacewar\Spacewar\Spacewar!.cpp(1,1): warning C4828: The file contains a character starting at offset 0x1a6f that is illegal in the current source character set (codepage 65001).
C:\Users\PK\C++ Projects\SpaceWar\Spacewar\Spacewar\Spacewar!.cpp(1,1): warning C4828: The file contains a character starting at offset 0x1a73 that is illegal in the current source character set (codepage 65001).
C:\Users\PK\C++ Projects\SpaceWar\Spacewar\Spacewar\Spacewar!.cpp(1,1): warning C4828: The file contains a character starting at offset 0x1a76 that is illegal in the current source character set (codepage 65001).
C:\Users\PK\C++ Projects\SpaceWar\Spacewar\Spacewar\Spacewar!.cpp(1,1): warning C4828: The file contains a character starting at offset 0x1a79 that is illegal in the current source character set (codepage 65001).
C:\Users\PK\C++ Projects\SpaceWar\Spacewar\Spacewar\Spacewar!.cpp(1,1): warning C4828: The file contains a character starting at offset 0x1a7c that is illegal in the current source character set (codepage 65001).
C:\Users\PK\C++ Projects\SpaceWar\Spacewar\Spacewar\Spacewar!.cpp(1,1): warning C4828: The file contains a character starting at offset 0x1a7f that is illegal in the current source character set (codepage 65001).
C:\Users\PK\C++ Projects\SpaceWar\Spacewar\Spacewar\Spacewar!.cpp(1,1): warning C4828: The file contains a character starting at offset 0x1a82 that is illegal in the current source character set (codepage 65001).
C:\Users\PK\C++ Projects\SpaceWar\Spacewar\Spacewar\Spacewar!.cpp(1,1): warning C4828: The file contains a character starting at offset 0x1b5d that is illegal in the current source character set (codepage 65001).
C:\Users\PK\C++ Projects\SpaceWar\Spacewar\Spacewar\Spacewar!.cpp(1,1): warning C4828: The file contains a character starting at offset 0x1b5f that is illegal in the current source character set (codepage 65001).
C:\Users\PK\C++ Projects\SpaceWar\Spacewar\Spacewar\Spacewar!.cpp(1,1): warning C4828: The file contains a character starting at offset 0x1b62 that is illegal in the current source character set (codepage 65001).
C:\Users\PK\C++ Projects\SpaceWar\Spacewar\Spacewar\Spacewar!.cpp(1,1): warning C4828: The file contains a character starting at offset 0x1b66 that is illegal in the current source character set (codepage 65001).
C:\Users\PK\C++ Projects\SpaceWar\Spacewar\Spacewar\Spacewar!.cpp(1,1): warning C4828: The file contains a character starting at offset 0x1b69 that is illegal in the current source character set (codepage 65001).
C:\Users\PK\C++ Projects\SpaceWar\Spacewar\Spacewar\Spacewar!.cpp(1,1): warning C4828: The file contains a character starting at offset 0x1b6c that is illegal in the current source character set (codepage 65001).
C:\Users\PK\C++ Projects\SpaceWar\Spacewar\Spacewar\Spacewar!.cpp(1,1): warning C4828: The file contains a character starting at offset 0x1b6f that is illegal in the current source character set (codepage 65001).
C:\Users\PK\C++ Projects\SpaceWar\Spacewar\Spacewar\Spacewar!.cpp(1,1): warning C4828: The file contains a character starting at offset 0x1b72 that is illegal in the current source character set (codepage 65001).
C:\Users\PK\C++ Projects\SpaceWar\Spacewar\Spacewar\Spacewar!.cpp(1,1): warning C4828: The file contains a character starting at offset 0x1b75 that is illegal in the current source character set (codepage 65001).
C:\Users\PK\C++ Projects\SpaceWar\Spacewar\Spacewar\Spacewar!.cpp(1,1): warning C4828: The file contains a character starting at offset 0x1e7a that is illegal in the current source character set (codepage 65001).
C:\Users\PK\C++ Projects\SpaceWar\Spacewar\Spacewar\Spacewar!.cpp(1,1): warning C4828: The file contains a character starting at offset 0x1e7c that is illegal in the current source character set (codepage 65001).
C:\Users\PK\C++ Projects\SpaceWar\Spacewar\Spacewar\Spacewar!.cpp(1,1): warning C4828: The file contains a character starting at offset 0x1e7f that is illegal in the current source character set (codepage 65001).
C:\Users\PK\C++ Projects\SpaceWar\Spacewar\Spacewar\Spacewar!.cpp(1,1): warning C4828: The file contains a character starting at offset 0x1e83 that is illegal in the current source character set (codepage 65001).
C:\Users\PK\C++ Projects\SpaceWar\Spacewar\Spacewar\Spacewar!.cpp(1,1): warning C4828: The file contains a character starting at offset 0x1e87 that is illegal in the current source character set (codepage 65001).
C:\Users\PK\C++ Projects\SpaceWar\Spacewar\Spacewar\Spacewar!.cpp(1,1): warning C4828: The file contains a character starting at offset 0x20e0 that is illegal in the current source character set (codepage 65001).
C:\Users\PK\C++ Projects\SpaceWar\Spacewar\Spacewar\Spacewar!.cpp(1,1): warning C4828: The file contains a character starting at offset 0x20e2 that is illegal in the current source character set (codepage 65001).
C:\Users\PK\C++ Projects\SpaceWar\Spacewar\Spacewar\Spacewar!.cpp(1,1): warning C4828: The file contains a character starting at offset 0x20e6 that is illegal in the current source character set (codepage 65001).
C:\Users\PK\C++ Projects\SpaceWar\Spacewar\Spacewar\Spacewar!.cpp(1,1): warning C4828: The file contains a character starting at offset 0x20ea that is illegal in the current source character set (codepage 65001).
C:\Users\PK\C++ Projects\SpaceWar\Spacewar\Spacewar\Spacewar!.cpp(1,1): warning C4828: The file contains a character starting at offset 0x21da that is illegal in the current source character set (codepage 65001).
C:\Users\PK\C++ Projects\SpaceWar\Spacewar\Spacewar\Spacewar!.cpp(1,1): warning C4828: The file contains a character starting at offset 0x21dc that is illegal in the current source character set (codepage 65001).
C:\Users\PK\C++ Projects\SpaceWar\Spacewar\Spacewar\Spacewar!.cpp(1,1): warning C4828: The file contains a character starting at offset 0x21df that is illegal in the current source character set (codepage 65001).
C:\Users\PK\C++ Projects\SpaceWar\Spacewar\Spacewar\Spacewar!.cpp(1,1): warning C4828: The file contains a character starting at offset 0x21e3 that is illegal in the current source character set (codepage 65001).
C:\Users\PK\C++ Projects\SpaceWar\Spacewar\Spacewar\Spacewar!.cpp(1,1): warning C4828: The file contains a character starting at offset 0x21e7 that is illegal in the current source character set (codepage 65001).
C:\Users\PK\C++ Projects\SpaceWar\Spacewar\Spacewar\Spacewar!.cpp(1,1): warning C4828: The file contains a character starting at offset 0x2314 that is illegal in the current source character set (codepage 65001).
C:\Users\PK\C++ Projects\SpaceWar\Spacewar\Spacewar\Spacewar!.cpp(1,1): warning C4828: The file contains a character starting at offset 0x2316 that is illegal in the current source character set (codepage 65001).
C:\Users\PK\C++ Projects\SpaceWar\Spacewar\Spacewar\Spacewar!.cpp(1,1): warning C4828: The file contains a character starting at offset 0x2319 that is illegal in the current source character set (codepage 65001).
C:\Users\PK\C++ Projects\SpaceWar\Spacewar\Spacewar\Spacewar!.cpp(1,1): warning C4828: The file contains a character starting at offset 0x231d that is illegal in the current source character set (codepage 65001).
C:\Users\PK\C++ Projects\SpaceWar\Spacewar\Spacewar\Spacewar!.cpp(1,1): warning C4828: The file contains a character starting at offset 0x2320 that is illegal in the current source character set (codepage 65001).
C:\Users\PK\C++ Projects\SpaceWar\Spacewar\Spacewar\Spacewar!.cpp(1,1): warning C4828: The file contains a character starting at offset 0x2323 that is illegal in the current source character set (codepage 65001).
C:\Users\PK\C++ Projects\SpaceWar\Spacewar\Spacewar\Spacewar!.cpp(1,1): warning C4828: The file contains a character starting at offset 0x2326 that is illegal in the current source character set (codepage 65001).
C:\Users\PK\C++ Projects\SpaceWar\Spacewar\Spacewar\Spacewar!.cpp(1,1): warning C4828: The file contains a character starting at offset 0x2594 that is illegal in the current source character set (codepage 65001).
C:\Users\PK\C++ Projects\SpaceWar\Spacewar\Spacewar\Spacewar!.cpp(1,1): warning C4828: The file contains a character starting at offset 0x2596 that is illegal in the current source character set (codepage 65001).
C:\Users\PK\C++ Projects\SpaceWar\Spacewar\Spacewar\Spacewar!.cpp(1,1): warning C4828: The file contains a character starting at offset 0x259a that is illegal in the current source character set (codepage 65001).
C:\Users\PK\C++ Projects\SpaceWar\Spacewar\Spacewar\Spacewar!.cpp(1,1): warning C4828: The file contains a character starting at offset 0x259d that is illegal in the current source character set (codepage 65001).
C:\Users\PK\C++ Projects\SpaceWar\Spacewar\Spacewar\Spacewar!.cpp(1,1): warning C4828: The file contains a character starting at offset 0x25a0 that is illegal in the current source character set (codepage 65001).
C:\Users\PK\C++ Projects\SpaceWar\Spacewar\Spacewar\Spacewar!.cpp(1,1): warning C4828: The file contains a character starting at offset 0x25a3 that is illegal in the current source character set (codepage 65001).
C:\Users\PK\C++ Projects\SpaceWar\Spacewar\Spacewar\Spacewar!.cpp(1,1): warning C4828: The file contains a character starting at offset 0x269e that is illegal in the current source character set (codepage 65001).
C:\Users\PK\C++ Projects\SpaceWar\Spacewar\Spacewar\Spacewar!.cpp(1,1): warning C4828: The file contains a character starting at offset 0x26a0 that is illegal in the current source character set (codepage 65001).
C:\Users\PK\C++ Projects\SpaceWar\Spacewar\Spacewar\Spacewar!.cpp(1,1): warning C4828: The file contains a character starting at offset 0x26a3 that is illegal in the current source character set (codepage 65001).
C:\Users\PK\C++ Projects\SpaceWar\Spacewar\Spacewar\Spacewar!.cpp(1,1): warning C4828: The file contains a character starting at offset 0x26a7 that is illegal in the current source character set (codepage 65001).
C:\Users\PK\C++ Projects\SpaceWar\Spacewar\Spacewar\Spacewar!.cpp(1,1): warning C4828: The file contains a character starting at offset 0x26aa that is illegal in the current source character set (codepage 65001).
C:\Users\PK\C++ Projects\SpaceWar\Spacewar\Spacewar\Spacewar!.cpp(1,1): warning C4828: The file contains a character starting at offset 0x26ad that is illegal in the current source character set (codepage 65001).
C:\Users\PK\C++ Projects\SpaceWar\Spacewar\Spacewar\Spacewar!.cpp(1,1): warning C4828: The file contains a character starting at offset 0x26b0 that is illegal in the current source character set (codepage 65001).
C:\Users\PK\C++ Projects\SpaceWar\Spacewar\Spacewar\Spacewar!.cpp(1,1): warning C4828: The file contains a character starting at offset 0x27e3 that is illegal in the current source character set (codepage 65001).
C:\Users\PK\C++ Projects\SpaceWar\Spacewar\Spacewar\Spacewar!.cpp(1,1): warning C4828: The file contains a character starting at offset 0x27e5 that is illegal in the current source character set (codepage 65001).
C:\Users\PK\C++ Projects\SpaceWar\Spacewar\Spacewar\Spacewar!.cpp(1,1): warning C4828: The file contains a character starting at offset 0x27e8 that is illegal in the current source character set (codepage 65001).
C:\Users\PK\C++ Projects\SpaceWar\Spacewar\Spacewar\Spacewar!.cpp(1,1): warning C4828: The file contains a character starting at offset 0x27ec that is illegal in the current source character set (codepage 65001).
C:\Users\PK\C++ Projects\SpaceWar\Spacewar\Spacewar\Spacewar!.cpp(1,1): warning C4828: The file contains a character starting at offset 0x27f0 that is illegal in the current source character set (codepage 65001).
C:\Users\PK\C++ Projects\SpaceWar\Spacewar\Spacewar\Spacewar!.cpp(1,1): warning C4828: The file contains a character starting at offset 0x27f3 that is illegal in the current source character set (codepage 65001).
C:\Users\PK\C++ Projects\SpaceWar\Spacewar\Spacewar\Spacewar!.cpp(1,1): warning C4828: The file contains a character starting at offset 0x27f6 that is illegal in the current source character set (codepage 65001).
C:\Users\PK\C++ Projects\SpaceWar\Spacewar\Spacewar\Spacewar!.cpp(1,1): warning C4828: The file contains a character starting at offset 0x28b7 that is illegal in the current source character set (codepage 65001).
C:\Users\PK\C++ Projects\SpaceWar\Spacewar\Spacewar\Spacewar!.cpp(1,1): warning C4828: The file contains a character starting at offset 0x28b9 that is illegal in the current source character set (codepage 65001).
C:\Users\PK\C++ Projects\SpaceWar\Spacewar\Spacewar\Spacewar!.cpp(1,1): warning C4828: The file contains a character starting at offset 0x28bd that is illegal in the current source character set (codepage 65001).
C:\Users\PK\C++ Projects\SpaceWar\Spacewar\Spacewar\Spacewar!.cpp(1,1): warning C4828: The file contains a character starting at offset 0x29bd that is illegal in the current source character set (codepage 65001).
C:\Users\PK\C++ Projects\SpaceWar\Spacewar\Spacewar\Spacewar!.cpp(1,1): warning C4828: The file contains a character starting at offset 0x29bf that is illegal in the current source character set (codepage 65001).
C:\Users\PK\C++ Projects\SpaceWar\Spacewar\Spacewar\Spacewar!.cpp(1,1): warning C4828: The file contains a character starting at offset 0x29c3 that is illegal in the current source character set (codepage 65001).
C:\Users\PK\C++ Projects\SpaceWar\Spacewar\Spacewar\Spacewar!.cpp(1,1): warning C4828: The file contains a character starting at offset 0x29c7 that is illegal in the current source character set (codepage 65001).
C:\Users\PK\C++ Projects\SpaceWar\Spacewar\Spacewar\Spacewar!.cpp(1,1): warning C4828: The file contains a character starting at offset 0x29c8 that is illegal in the current source character set (codepage 65001).
C:\Users\PK\C++ Projects\SpaceWar\Spacewar\Spacewar\Spacewar!.cpp(1,1): warning C4828: The file contains a character starting at offset 0x2ad5 that is illegal in the current source character set (codepage 65001).
C:\Users\PK\C++ Projects\SpaceWar\Spacewar\Spacewar\Spacewar!.cpp(1,1): warning C4828: The file contains a character starting at offset 0x2ad7 that is illegal in the current source character set (codepage 65001).
C:\Users\PK\C++ Projects\SpaceWar\Spacewar\Spacewar\Spacewar!.cpp(1,1): warning C4828: The file contains a character starting at offset 0x2ada that is illegal in the current source character set (codepage 65001).
C:\Users\PK\C++ Projects\SpaceWar\Spacewar\Spacewar\Spacewar!.cpp(1,1): warning C4828: The file contains a character starting at offset 0x2ade that is illegal in the current source character set (codepage 65001).
C:\Users\PK\C++ Projects\SpaceWar\Spacewar\Spacewar\Spacewar!.cpp(1,1): warning C4828: The file contains a character starting at offset 0x2ae2 that is illegal in the current source character set (codepage 65001).
C:\Users\PK\C++ Projects\SpaceWar\Spacewar\Spacewar\Spacewar!.cpp(1,1): warning C4828: The file contains a character starting at offset 0x2ae3 that is illegal in the current source character set (codepage 65001).
C:\Users\PK\C++ Projects\SpaceWar\Spacewar\Spacewar\Spacewar!.cpp(1,1): warning C4828: The file contains a character starting at offset 0x2cba that is illegal in the current source character set (codepage 65001).
C:\Users\PK\C++ Projects\SpaceWar\Spacewar\Spacewar\Spacewar!.cpp(1,1): warning C4828: The file contains a character starting at offset 0x2cbc that is illegal in the current source character set (codepage 65001).
C:\Users\PK\C++ Projects\SpaceWar\Spacewar\Spacewar\Spacewar!.cpp(1,1): warning C4828: The file contains a character starting at offset 0x2cc0 that is illegal in the current source character set (codepage 65001).
C:\Users\PK\C++ Projects\SpaceWar\Spacewar\Spacewar\Spacewar!.cpp(1,1): warning C4828: The file contains a character starting at offset 0x2cc4 that is illegal in the current source character set (codepage 65001).
C:\Users\PK\C++ Projects\SpaceWar\Spacewar\Spacewar\Spacewar!.cpp(1,1): warning C4828: The file contains a character starting at offset 0x2cc7 that is illegal in the current source character set (codepage 65001).
C:\Users\PK\C++ Projects\SpaceWar\Spacewar\Spacewar\Spacewar!.cpp(1,1): warning C4828: The file contains a character starting at offset 0x2ccb that is illegal in the current source character set (codepage 65001).
C:\Users\PK\C++ Projects\SpaceWar\Spacewar\Spacewar\Spacewar!.cpp(1,1): warning C4828: The file contains a character starting at offset 0x2ccf that is illegal in the current source character set (codepage 65001).
C:\Users\PK\C++ Projects\SpaceWar\Spacewar\Spacewar\Spacewar!.cpp(1,1): warning C4828: The file contains a character starting at offset 0x3032 that is illegal in the current source character set (codepage 65001).
C:\Users\PK\C++ Projects\SpaceWar\Spacewar\Spacewar\Spacewar!.cpp(1,1): warning C4828: The file contains a character starting at offset 0x3034 that is illegal in the current source character set (codepage 65001).
C:\Users\PK\C++ Projects\SpaceWar\Spacewar\Spacewar\Spacewar!.cpp(1,1): warning C4828: The file contains a character starting at offset 0x3037 that is illegal in the current source character set (codepage 65001).
C:\Users\PK\C++ Projects\SpaceWar\Spacewar\Spacewar\Spacewar!.cpp(1,1): warning C4828: The file contains a character starting at offset 0x303b that is illegal in the current source character set (codepage 65001).
C:\Users\PK\C++ Projects\SpaceWar\Spacewar\Spacewar\Spacewar!.cpp(1,1): warning C4828: The file contains a character starting at offset 0x303e that is illegal in the current source character set (codepage 65001).
C:\Users\PK\C++ Projects\SpaceWar\Spacewar\Spacewar\Spacewar!.cpp(1,1): warning C4828: The file contains a character starting at offset 0x3041 that is illegal in the current source character set (codepage 65001).
C:\Users\PK\C++ Projects\SpaceWar\Spacewar\Spacewar\Spacewar!.cpp(1,1): warning C4828: The file contains a character starting at offset 0x30e0 that is illegal in the current source character set (codepage 65001).
C:\Users\PK\C++ Projects\SpaceWar\Spacewar\Spacewar\Spacewar!.cpp(1,1): warning C4828: The file contains a character starting at offset 0x30e2 that is illegal in the current source character set (codepage 65001).
C:\Users\PK\C++ Projects\SpaceWar\Spacewar\Spacewar\Spacewar!.cpp(1,1): warning C4828: The file contains a character starting at offset 0x30e5 that is illegal in the current source character set (codepage 65001).
C:\Users\PK\C++ Projects\SpaceWar\Spacewar\Spacewar\Spacewar!.cpp(1,1): warning C4828: The file contains a character starting at offset 0x30e8 that is illegal in the current source character set (codepage 65001).
C:\Users\PK\C++ Projects\SpaceWar\Spacewar\Spacewar\Spacewar!.cpp(1,1): warning C4828: The file contains a character starting at offset 0x30eb that is illegal in the current source character set (codepage 65001).
C:\Users\PK\C++ Projects\SpaceWar\Spacewar\Spacewar\Spacewar!.cpp(1,1): warning C4828: The file contains a character starting at offset 0x30ee that is illegal in the current source character set (codepage 65001).
C:\Users\PK\C++ Projects\SpaceWar\Spacewar\Spacewar\Spacewar!.cpp(1,1): warning C4828: The file contains a character starting at offset 0x30f1 that is illegal in the current source character set (codepage 65001).
C:\Users\PK\C++ Projects\SpaceWar\Spacewar\Spacewar\Spacewar!.cpp(1,1): warning C4828: The file contains a character starting at offset 0x30f4 that is illegal in the current source character set (codepage 65001).
C:\Users\PK\C++ Projects\SpaceWar\Spacewar\Spacewar\Spacewar!.cpp(1,1): warning C4828: The file contains a character starting at offset 0x314b that is illegal in the current source character set (codepage 65001).
C:\Users\PK\C++ Projects\SpaceWar\Spacewar\Spacewar\Spacewar!.cpp(1,1): warning C4828: The file contains a character starting at offset 0x314d that is illegal in the current source character set (codepage 65001).
C:\Users\PK\C++ Projects\SpaceWar\Spacewar\Spacewar\Spacewar!.cpp(1,1): warning C4828: The file contains a character starting at offset 0x3151 that is illegal in the current source character set (codepage 65001).
C:\Users\PK\C++ Projects\SpaceWar\Spacewar\Spacewar\Spacewar!.cpp(1,1): warning C4828: The file contains a character starting at offset 0x3154 that is illegal in the current source character set (codepage 65001).
C:\Users\PK\C++ Projects\SpaceWar\Spacewar\Spacewar\Spacewar!.cpp(1,1): warning C4828: The file contains a character starting at offset 0x3157 that is illegal in the current source character set (codepage 65001).
C:\Users\PK\C++ Projects\SpaceWar\Spacewar\Spacewar\Spacewar!.cpp(1,1): warning C4828: The file contains a character starting at offset 0x3260 that is illegal in the current source character set (codepage 65001).
C:\Users\PK\C++ Projects\SpaceWar\Spacewar\Spacewar\Spacewar!.cpp(1,1): warning C4828: The file contains a character starting at offset 0x3262 that is illegal in the current source character set (codepage 65001).
C:\Users\PK\C++ Projects\SpaceWar\Spacewar\Spacewar\Spacewar!.cpp(1,1): warning C4828: The file contains a character starting at offset 0x3266 that is illegal in the current source character set (codepage 65001).
C:\Users\PK\C++ Projects\SpaceWar\Spacewar\Spacewar\Spacewar!.cpp(1,1): warning C4828: The file contains a character starting at offset 0x3269 that is illegal in the current source character set (codepage 65001).
C:\Users\PK\C++ Projects\SpaceWar\Spacewar\Spacewar\Spacewar!.cpp(1,1): warning C4828: The file contains a character starting at offset 0x326c that is illegal in the current source character set (codepage 65001).
C:\Users\PK\C++ Projects\SpaceWar\Spacewar\Spacewar\Spacewar!.cpp(1,1): warning C4828: The file contains a character starting at offset 0x326f that is illegal in the current source character set (codepage 65001).
C:\Users\PK\C++ Projects\SpaceWar\Spacewar\Spacewar\Spacewar!.cpp(1,1): warning C4828: The file contains a character starting at offset 0x3272 that is illegal in the current source character set (codepage 65001).
C:\Users\PK\C++ Projects\SpaceWar\Spacewar\Spacewar\Spacewar!.cpp(1,1): warning C4828: The file contains a character starting at offset 0x349e that is illegal in the current source character set (codepage 65001).
C:\Users\PK\C++ Projects\SpaceWar\Spacewar\Spacewar\Spacewar!.cpp(1,1): warning C4828: The file contains a character starting at offset 0x34a0 that is illegal in the current source character set (codepage 65001).
C:\Users\PK\C++ Projects\SpaceWar\Spacewar\Spacewar\Spacewar!.cpp(1,1): warning C4828: The file contains a character starting at offset 0x34a3 that is illegal in the current source character set (codepage 65001).
C:\Users\PK\C++ Projects\SpaceWar\Spacewar\Spacewar\Spacewar!.cpp(1,1): warning C4828: The file contains a character starting at offset 0x34a7 that is illegal in the current source character set (codepage 65001).
C:\Users\PK\C++ Projects\SpaceWar\Spacewar\Spacewar\Spacewar!.cpp(1,1): warning C4828: The file contains a character starting at offset 0x34aa that is illegal in the current source character set (codepage 65001).
C:\Users\PK\C++ Projects\SpaceWar\Spacewar\Spacewar\Spacewar!.cpp(1,1): warning C4828: The file contains a character starting at offset 0x34ae that is illegal in the current source character set (codepage 65001).
C:\Users\PK\C++ Projects\SpaceWar\Spacewar\Spacewar\Spacewar!.cpp(86,17): warning C4309: 'initializing': truncation of constant value
C:\Users\PK\C++ Projects\SpaceWar\Spacewar\Spacewar\Spacewar!.cpp(621,8): warning C4244: 'argument': conversion from 'double' to 'DWORD', possible loss of data
C:\Users\PK\C++ Projects\SpaceWar\Spacewar\Spacewar\Spacewar!.cpp(769,15): warning C4244: 'argument': conversion from 'time_t' to 'unsigned int', possible loss of data
  Spacewar.vcxproj -> C:\Users\PK\C++ Projects\SpaceWar\Spacewar\x64\Debug\Spacewar.exe
